<?xml version="1.0" encoding="UTF-8"?>
<!-- Generated by org.testng.reporters.JUnitReportReporter -->
<testsuite hostname="CDC2-L-F1S775Z" name="devOps_Test.LoginTest" tests="1" failures="0" timestamp="12 Dec 2019 07:00:03 GMT" time="13.361" errors="0">
  <testcase name="testLogin" time="13.361" classname="devOps_Test.LoginTest"/>
</testsuite>
